Arguments: 
  C:\Program Files\nodejs\node.exe C:\Program Files (x86)\Yarn\bin\yarn.js add react

PATH: 
  C:\Program Files (x86)\ActiveState Komodo IDE 11\;C:\Program Files\Microsoft SQL Server\100\DTS\Binn/;C:\Program Files\Java\jdk1.8.0_201;C:\Program Files (x86)\Yarn\bin\;C:\Program Files\MongoDB\Server\4.2\bin;C:\Program Files\nodejs\;C:\Program Files\Git\cmd;C:\Ruby26-x64\bin;C:\Program Files\Java\jdk1.8.0_201\bin;C:\Users\vinic\AppData\Local\Programs\Microsoft VS Code\bin;C:\Users\vinic\AppData\Local\Yarn\bin;C:\Users\vinic\AppData\Roaming\npm

Yarn version: 
  1.17.3

Node version: 
  12.13.1

Platform: 
  win32 x64

Trace: 
  SyntaxError: C:\Users\vinic\Documents\Workspace2\package.json: Unexpected end of JSON input
      at JSON.parse (<anonymous>)
      at C:\Program Files (x86)\Yarn\lib\cli.js:1625:59
      at Generator.next (<anonymous>)
      at step (C:\Program Files (x86)\Yarn\lib\cli.js:304:30)
      at C:\Program Files (x86)\Yarn\lib\cli.js:315:13

npm manifest: 
  

yarn manifest: 
  No manifest

Lockfile: 
  # THIS IS AN AUTOGENERATED FILE. DO NOT EDIT THIS FILE DIRECTLY.
  # yarn lockfile v1
